2021-08-03 21:30:15.087 - INFO - 4068 - azureml.train.automl._experiment_drivers.driver_utilities.modify_run_configuration:199 - Package azureml-train-automl missing from dependencies file.
2021-08-03 21:30:15.087 - INFO - 4068 - azureml.train.automl._experiment_drivers.driver_utilities.modify_run_configuration:205 - Using pinned version: azureml-train-automl==1.32.0.*
2021-08-03 21:30:15.087 - INFO - 4068 - azureml.train.automl._experiment_drivers.driver_utilities.modify_run_configuration:199 - Package pandas missing from dependencies file.
2021-08-03 21:30:15.088 - INFO - 4068 - azureml.train.automl._experiment_drivers.driver_utilities.modify_run_configuration:205 - Using pinned version: pandas==0.25.1
2021-08-03 21:30:15.088 - INFO - 4068 - azureml.train.automl._experiment_drivers.driver_utilities.modify_run_configuration:199 - Package psutil missing from dependencies file.
2021-08-03 21:30:15.088 - INFO - 4068 - azureml.train.automl._experiment_drivers.driver_utilities.modify_run_configuration:205 - Using pinned version: psutil>5.0.0,<6.0.0
2021-08-03 21:30:15.089 - INFO - 4068 - azureml.train.automl._experiment_drivers.driver_utilities.modify_run_configuration:199 - Package scikit-learn missing from dependencies file.
2021-08-03 21:30:15.089 - INFO - 4068 - azureml.train.automl._experiment_drivers.driver_utilities.modify_run_configuration:205 - Using pinned version: scikit-learn==0.22.1
2021-08-03 21:30:15.090 - INFO - 4068 - azureml.train.automl._experiment_drivers.driver_utilities.modify_run_configuration:199 - Package numpy missing from dependencies file.
2021-08-03 21:30:15.090 - INFO - 4068 - azureml.train.automl._experiment_drivers.driver_utilities.modify_run_configuration:205 - Using pinned version: numpy~=1.18.0
2021-08-03 21:30:15.090 - INFO - 4068 - azureml.train.automl._experiment_drivers.driver_utilities.modify_run_configuration:199 - Package py-xgboost missing from dependencies file.
2021-08-03 21:30:15.090 - INFO - 4068 - azureml.train.automl._experiment_drivers.driver_utilities.modify_run_configuration:205 - Using pinned version: py-xgboost<=0.90
2021-08-03 21:30:15.091 - INFO - 4068 - azureml.train.automl._experiment_drivers.driver_utilities.modify_run_configuration:199 - Package inference-schema missing from dependencies file.
2021-08-03 21:30:15.091 - INFO - 4068 - azureml.train.automl._experiment_drivers.driver_utilities.modify_run_configuration:199 - Package fbprophet missing from dependencies file.
2021-08-03 21:30:15.092 - INFO - 4068 - azureml.train.automl._experiment_drivers.driver_utilities.modify_run_configuration:205 - Using pinned version: fbprophet==0.5
2021-08-03 21:30:15.092 - INFO - 4068 - azureml.train.automl._experiment_drivers.driver_utilities.modify_run_configuration:199 - Package setuptools-git missing from dependencies file.
2021-08-03 21:30:15.092 - INFO - 4068 - azureml.train.automl._experiment_drivers.driver_utilities.modify_run_configuration:209 - Using installed version: setuptools-git==1.2
2021-08-03 21:30:15.101 - INFO - 4068 - azureml.automl.core.dataset_utilities._save_datasets_to_json:131 - JSON serialization of input of type <class 'NoneType'> is un-supported.
2021-08-03 21:30:15.101 - INFO - 4068 - azureml.automl.core.dataset_utilities._save_datasets_to_json:131 - JSON serialization of input of type <class 'NoneType'> is un-supported.
2021-08-03 21:30:15.102 - INFO - 4068 - azureml.train.automl._experiment_drivers.driver_utilities.validate_input:124 - Start data validation.
2021-08-03 21:30:19.398 - INFO - 4068 - azureml.train.automl._experiment_drivers.driver_utilities.validate_input:137 - Validation service found the data has no errors.
2021-08-03 21:30:19.399 - INFO - 4068 - azureml.train.automl._experiment_drivers.driver_utilities.create_remote_parent_run:381 - Start creating parent run.
2021-08-03 21:30:19.812 - INFO - 4068 - azureml.train.automl._experiment_drivers.driver_utilities.create_remote_parent_run:401 - [ParentRunID:AutoML_161e0248-6513-4278-96be-639705f5423b] Remote run using input X and y.
2021-08-03 21:30:19.882 - INFO - 4068 - azureml.train.automl._experiment_drivers.driver_utilities.start_remote_run:336 - Starting a snapshot run (snapshot_id : None)
